<?xml version="1.0" encoding="UTF-8"?>
<!-- Generated by org.testng.reporters.JUnitXMLReporter -->
<testsuite hostname="admin-PC" failures="0" tests="10" name="Default test" time="0.512" errors="0" timestamp="1 Feb 2022 16:25:43 GMT">
  <testcase classname="challengingDOMTest.ChallengingDomTest" name="@BeforeMethod beforeMethodTest" time="0.0">
    <failure type="org.testng.TestNGException" message="
Parameter &amp;apos;browserName&amp;apos; is required by @Configuration on method beforeMethodTest but has not been marked @Optional or defined
in C:\Users\admin\AppData\Local\Temp\testng-eclipse--445927610\testng-customsuite.xml">
      <![CDATA[org.testng.TestNGException: 
Parameter 'browserName' is required by @Configuration on method beforeMethodTest but has not been marked @Optional or defined
in C:\Users\admin\AppData\Local\Temp\testng-eclipse--445927610\testng-customsuite.xml
	at org.testng.internal.Parameters.createParameters(Parameters.java:155)
	at org.testng.internal.Parameters.createParameters(Parameters.java:355)
	at org.testng.internal.Parameters.createConfigurationParameters(Parameters.java:86)
	at org.testng.internal.Invoker.invokeConfigurations(Invoker.java:199)
	at org.testng.internal.Invoker.invokeMethod(Invoker.java:653)
	at org.testng.internal.Invoker.invokeTestMethod(Invoker.java:901)
	at org.testng.internal.Invoker.invokeTestMethods(Invoker.java:1231)
	at org.testng.internal.TestMethodWorker.invokeTestMethods(TestMethodWorker.java:127)
	at org.testng.internal.TestMethodWorker.run(TestMethodWorker.java:111)
	at org.testng.TestRunner.privateRun(TestRunner.java:767)
	at org.testng.TestRunner.run(TestRunner.java:617)
	at org.testng.SuiteRunner.runTest(SuiteRunner.java:334)
	at org.testng.SuiteRunner.runSequentially(SuiteRunner.java:329)
	at org.testng.SuiteRunner.privateRun(SuiteRunner.java:291)
	at org.testng.SuiteRunner.run(SuiteRunner.java:240)
	at org.testng.SuiteRunnerWorker.runSuite(SuiteRunnerWorker.java:52)
	at org.testng.SuiteRunnerWorker.run(SuiteRunnerWorker.java:86)
	at org.testng.TestNG.runSuitesSequentially(TestNG.java:1198)
	at org.testng.TestNG.runSuitesLocally(TestNG.java:1123)
	at org.testng.TestNG.run(TestNG.java:1031)
	at org.testng.remote.AbstractRemoteTestNG.run(AbstractRemoteTestNG.java:115)
	at org.testng.remote.RemoteTestNG.initAndRun(RemoteTestNG.java:251)
	at org.testng.remote.RemoteTestNG.main(RemoteTestNG.java:77)
]]>
    </failure>
  </testcase> <!-- @BeforeMethod beforeMethodTest -->
  <testcase classname="challengingDOMTest.ChallengingDomTest" name="@AfterMethod afterMethodTest" time="0.0">
    <skipped/>
  </testcase> <!-- @AfterMethod afterMethodTest -->
  <testcase classname="challengingDOMTest.ChallengingDomTest" name="@BeforeMethod beforeMethodTest" time="0.0">
    <skipped/>
  </testcase> <!-- @BeforeMethod beforeMethodTest -->
  <testcase classname="challengingDOMTest.ChallengingDomTest" name="@AfterMethod afterMethodTest" time="0.0">
    <skipped/>
  </testcase> <!-- @AfterMethod afterMethodTest -->
  <testcase classname="challengingDOMTest.ChallengingDomTest" name="@BeforeMethod beforeMethodTest" time="0.0">
    <skipped/>
  </testcase> <!-- @BeforeMethod beforeMethodTest -->
  <testcase classname="challengingDOMTest.ChallengingDomTest" name="@AfterMethod afterMethodTest" time="0.0">
    <skipped/>
  </testcase> <!-- @AfterMethod afterMethodTest -->
  <testcase classname="challengingDOMTest.ChallengingDomTest" name="@BeforeMethod beforeMethodTest" time="0.0">
    <skipped/>
  </testcase> <!-- @BeforeMethod beforeMethodTest -->
  <testcase classname="challengingDOMTest.ChallengingDomTest" name="@AfterMethod afterMethodTest" time="0.0">
    <skipped/>
  </testcase> <!-- @AfterMethod afterMethodTest -->
  <testcase classname="challengingDOMTest.ChallengingDomTest" name="@BeforeMethod beforeMethodTest" time="0.0">
    <skipped/>
  </testcase> <!-- @BeforeMethod beforeMethodTest -->
  <testcase classname="challengingDOMTest.ChallengingDomTest" name="@AfterMethod afterMethodTest" time="0.0">
    <skipped/>
  </testcase> <!-- @AfterMethod afterMethodTest -->
  <testcase classname="challengingDOMTest.ChallengingDomTest" name="@BeforeMethod beforeMethodTest" time="0.0">
    <skipped/>
  </testcase> <!-- @BeforeMethod beforeMethodTest -->
  <testcase classname="challengingDOMTest.ChallengingDomTest" name="@AfterMethod afterMethodTest" time="0.0">
    <skipped/>
  </testcase> <!-- @AfterMethod afterMethodTest -->
  <testcase classname="challengingDOMTest.ChallengingDomTest" name="@BeforeMethod beforeMethodTest" time="0.0">
    <skipped/>
  </testcase> <!-- @BeforeMethod beforeMethodTest -->
  <testcase classname="challengingDOMTest.ChallengingDomTest" name="@AfterMethod afterMethodTest" time="0.0">
    <skipped/>
  </testcase> <!-- @AfterMethod afterMethodTest -->
  <testcase classname="challengingDOMTest.ChallengingDomTest" name="@BeforeMethod beforeMethodTest" time="0.0">
    <skipped/>
  </testcase> <!-- @BeforeMethod beforeMethodTest -->
  <testcase classname="challengingDOMTest.ChallengingDomTest" name="@AfterMethod afterMethodTest" time="0.0">
    <skipped/>
  </testcase> <!-- @AfterMethod afterMethodTest -->
  <testcase classname="challengingDOMTest.ChallengingDomTest" name="@BeforeMethod beforeMethodTest" time="0.0">
    <skipped/>
  </testcase> <!-- @BeforeMethod beforeMethodTest -->
  <testcase classname="challengingDOMTest.ChallengingDomTest" name="@AfterMethod afterMethodTest" time="0.0">
    <skipped/>
  </testcase> <!-- @AfterMethod afterMethodTest -->
  <testcase classname="challengingDOMTest.ChallengingDomTest" name="@BeforeMethod beforeMethodTest" time="0.0">
    <skipped/>
  </testcase> <!-- @BeforeMethod beforeMethodTest -->
  <testcase classname="challengingDOMTest.ChallengingDomTest" name="@AfterMethod afterMethodTest" time="0.0">
    <skipped/>
  </testcase> <!-- @AfterMethod afterMethodTest -->
  <testcase classname="challengingDOMTest.ChallengingDomTest" name="verifyAnswerOnRefreshPage" time="0.002">
    <skipped/>
  </testcase> <!-- verifyAnswerOnRefreshPage -->
  <testcase classname="challengingDOMTest.ChallengingDomTest" name="verifyAnswerValue" time="0.002">
    <skipped/>
  </testcase> <!-- verifyAnswerValue -->
  <testcase classname="challengingDOMTest.ChallengingDomTest" name="verifyClickOnNthDeleteLink" time="0.002">
    <skipped/>
  </testcase> <!-- verifyClickOnNthDeleteLink -->
  <testcase classname="challengingDOMTest.ChallengingDomTest" name="verifyClickOnNthEditLink" time="0.002">
    <skipped/>
  </testcase> <!-- verifyClickOnNthEditLink -->
  <testcase classname="challengingDOMTest.ChallengingDomTest" name="verifyFirstButtonOperation" time="0.001">
    <skipped/>
  </testcase> <!-- verifyFirstButtonOperation -->
  <testcase classname="challengingDOMTest.ChallengingDomTest" name="verifyNavigationToChallengingDom" time="0.001">
    <skipped/>
  </testcase> <!-- verifyNavigationToChallengingDom -->
  <testcase classname="challengingDOMTest.ChallengingDomTest" name="verifySecondButtonOperation" time="0.001">
    <skipped/>
  </testcase> <!-- verifySecondButtonOperation -->
  <testcase classname="challengingDOMTest.ChallengingDomTest" name="verifyTableHeaderText" time="0.003">
    <skipped/>
  </testcase> <!-- verifyTableHeaderText -->
  <testcase classname="challengingDOMTest.ChallengingDomTest" name="verifyTextBelowHeader" time="0.016">
    <skipped/>
  </testcase> <!-- verifyTextBelowHeader -->
  <testcase classname="challengingDOMTest.ChallengingDomTest" name="verifyThirdButtonOperation" time="0.002">
    <skipped/>
  </testcase> <!-- verifyThirdButtonOperation -->
</testsuite> <!-- Default test -->
