<?xml version="1.0" encoding="UTF-8"?>
<!-- Generated by org.testng.reporters.JUnitXMLReporter -->
<testsuite hostname="admin-PC" failures="0" tests="10" name="Test Automation" time="5.543" errors="0" timestamp="1 Feb 2022 16:43:38 GMT">
  <testcase classname="challengingDOMTest.ChallengingDomTest" name="@BeforeMethod beforeMethodTest" time="0.0">
    <failure type="org.openqa.selenium.SessionNotCreatedException" message="session not created: This version of ChromeDriver only supports Chrome version 97
Current browser version is 96.0.4664.45 with binary path C:\Program Files\Google\Chrome\Application\chrome.exe
Build info: version: &amp;apos;3.141.59&amp;apos;, revision: &amp;apos;e82be7d358&amp;apos;, time: &amp;apos;2018-11-14T08:17:03&amp;apos;
System info: host: &amp;apos;ADMIN-PC&amp;apos;, ip: &amp;apos;192.168.43.50&amp;apos;, os.name: &amp;apos;Windows 7&amp;apos;, os.arch: &amp;apos;amd64&amp;apos;, os.version: &amp;apos;6.1&amp;apos;, java.version: &amp;apos;17.0.1&amp;apos;
Driver info: driver.version: ChromeDriver
remote stacktrace: Backtrace:
	Ordinal0 [0x00F4FDC3+2555331]
	Ordinal0 [0x00EE77F1+2127857]
	Ordinal0 [0x00DE2E08+1060360]
	Ordinal0 [0x00E019CA+1186250]
	Ordinal0 [0x00DFD825+1169445]
	Ordinal0 [0x00DFAFC1+1159105]
	Ordinal0 [0x00E2C22F+1360431]
	Ordinal0 [0x00E2BE9A+1359514]
	Ordinal0 [0x00E27976+1341814]
	Ordinal0 [0x00E036B6+1193654]
	Ordinal0 [0x00E04546+1197382]
	GetHandleVerifier [0x010E9622+1619522]
	GetHandleVerifier [0x0119882C+2336844]
	GetHandleVerifier [0x00FE23E1+541697]
	GetHandleVerifier [0x00FE1443+537699]
	Ordinal0 [0x00EED18E+2150798]
	Ordinal0 [0x00EF1518+2168088]
	Ordinal0 [0x00EF1660+2168416]
	Ordinal0 [0x00EFB330+2208560]
	BaseThreadInitThunk [0x7611336A+18]
	RtlInitializeExceptionChain [0x77DE9902+99]
	RtlInitializeExceptionChain [0x77DE98D5+54]
">
      <![CDATA[org.openqa.selenium.SessionNotCreatedException: session not created: This version of ChromeDriver only supports Chrome version 97
Current browser version is 96.0.4664.45 with binary path C:\Program Files\Google\Chrome\Application\chrome.exe
Build info: version: '3.141.59', revision: 'e82be7d358', time: '2018-11-14T08:17:03'
System info: host: 'ADMIN-PC', ip: '192.168.43.50', os.name: 'Windows 7', os.arch: 'amd64', os.version: '6.1', java.version: '17.0.1'
Driver info: driver.version: ChromeDriver
remote stacktrace: Backtrace:
	Ordinal0 [0x00F4FDC3+2555331]
	Ordinal0 [0x00EE77F1+2127857]
	Ordinal0 [0x00DE2E08+1060360]
	Ordinal0 [0x00E019CA+1186250]
	Ordinal0 [0x00DFD825+1169445]
	Ordinal0 [0x00DFAFC1+1159105]
	Ordinal0 [0x00E2C22F+1360431]
	Ordinal0 [0x00E2BE9A+1359514]
	Ordinal0 [0x00E27976+1341814]
	Ordinal0 [0x00E036B6+1193654]
	Ordinal0 [0x00E04546+1197382]
	GetHandleVerifier [0x010E9622+1619522]
	GetHandleVerifier [0x0119882C+2336844]
	GetHandleVerifier [0x00FE23E1+541697]
	GetHandleVerifier [0x00FE1443+537699]
	Ordinal0 [0x00EED18E+2150798]
	Ordinal0 [0x00EF1518+2168088]
	Ordinal0 [0x00EF1660+2168416]
	Ordinal0 [0x00EFB330+2208560]
	BaseThreadInitThunk [0x7611336A+18]
	RtlInitializeExceptionChain [0x77DE9902+99]
	RtlInitializeExceptionChain [0x77DE98D5+54]

	at org.openqa.selenium.remote.W3CHandshakeResponse.lambda$errorHandler$0(W3CHandshakeResponse.java:62)
	at org.openqa.selenium.remote.HandshakeResponse.lambda$getResponseFunction$0(HandshakeResponse.java:30)
	at org.openqa.selenium.remote.ProtocolHandshake.lambda$createSession$0(ProtocolHandshake.java:126)
	at java.base/java.util.stream.ReferencePipeline$3$1.accept(ReferencePipeline.java:197)
	at java.base/java.util.Spliterators$ArraySpliterator.tryAdvance(Spliterators.java:1002)
	at java.base/java.util.stream.ReferencePipeline.forEachWithCancel(ReferencePipeline.java:129)
	at java.base/java.util.stream.AbstractPipeline.copyIntoWithCancel(AbstractPipeline.java:527)
	at java.base/java.util.stream.AbstractPipeline.copyInto(AbstractPipeline.java:513)
	at java.base/java.util.stream.AbstractPipeline.wrapAndCopyInto(AbstractPipeline.java:499)
	at java.base/java.util.stream.FindOps$FindOp.evaluateSequential(FindOps.java:150)
	at java.base/java.util.stream.AbstractPipeline.evaluate(AbstractPipeline.java:234)
	at java.base/java.util.stream.ReferencePipeline.findFirst(ReferencePipeline.java:647)
	at org.openqa.selenium.remote.ProtocolHandshake.createSession(ProtocolHandshake.java:128)
	at org.openqa.selenium.remote.ProtocolHandshake.createSession(ProtocolHandshake.java:74)
	at org.openqa.selenium.remote.HttpCommandExecutor.execute(HttpCommandExecutor.java:136)
	at org.openqa.selenium.remote.service.DriverCommandExecutor.execute(DriverCommandExecutor.java:83)
	at org.openqa.selenium.remote.RemoteWebDriver.execute(RemoteWebDriver.java:552)
	at org.openqa.selenium.remote.RemoteWebDriver.startSession(RemoteWebDriver.java:213)
	at org.openqa.selenium.remote.RemoteWebDriver.<init>(RemoteWebDriver.java:131)
	at org.openqa.selenium.chrome.ChromeDriver.<init>(ChromeDriver.java:181)
	at org.openqa.selenium.chrome.ChromeDriver.<init>(ChromeDriver.java:168)
	at org.openqa.selenium.chrome.ChromeDriver.<init>(ChromeDriver.java:123)
	at challengingDOMTest.BaseTest.setupDriver(BaseTest.java:85)
	at challengingDOMTest.BaseTest.beforeMethodTest(BaseTest.java:59)
... Removed 31 stack frames]]>
    </failure>
  </testcase> <!-- @BeforeMethod beforeMethodTest -->
  <testcase classname="challengingDOMTest.ChallengingDomTest" name="@AfterMethod afterMethodTest" time="0.0">
    <skipped/>
  </testcase> <!-- @AfterMethod afterMethodTest -->
  <testcase classname="challengingDOMTest.ChallengingDomTest" name="@BeforeMethod beforeMethodTest" time="0.0">
    <skipped/>
  </testcase> <!-- @BeforeMethod beforeMethodTest -->
  <testcase classname="challengingDOMTest.ChallengingDomTest" name="@AfterMethod afterMethodTest" time="0.0">
    <skipped/>
  </testcase> <!-- @AfterMethod afterMethodTest -->
  <testcase classname="challengingDOMTest.ChallengingDomTest" name="@BeforeMethod beforeMethodTest" time="0.0">
    <skipped/>
  </testcase> <!-- @BeforeMethod beforeMethodTest -->
  <testcase classname="challengingDOMTest.ChallengingDomTest" name="@AfterMethod afterMethodTest" time="0.0">
    <skipped/>
  </testcase> <!-- @AfterMethod afterMethodTest -->
  <testcase classname="challengingDOMTest.ChallengingDomTest" name="@BeforeMethod beforeMethodTest" time="0.0">
    <skipped/>
  </testcase> <!-- @BeforeMethod beforeMethodTest -->
  <testcase classname="challengingDOMTest.ChallengingDomTest" name="@AfterMethod afterMethodTest" time="0.0">
    <skipped/>
  </testcase> <!-- @AfterMethod afterMethodTest -->
  <testcase classname="challengingDOMTest.ChallengingDomTest" name="@BeforeMethod beforeMethodTest" time="0.0">
    <skipped/>
  </testcase> <!-- @BeforeMethod beforeMethodTest -->
  <testcase classname="challengingDOMTest.ChallengingDomTest" name="@AfterMethod afterMethodTest" time="0.0">
    <skipped/>
  </testcase> <!-- @AfterMethod afterMethodTest -->
  <testcase classname="challengingDOMTest.ChallengingDomTest" name="@BeforeMethod beforeMethodTest" time="0.0">
    <skipped/>
  </testcase> <!-- @BeforeMethod beforeMethodTest -->
  <testcase classname="challengingDOMTest.ChallengingDomTest" name="@AfterMethod afterMethodTest" time="0.0">
    <skipped/>
  </testcase> <!-- @AfterMethod afterMethodTest -->
  <testcase classname="challengingDOMTest.ChallengingDomTest" name="@BeforeMethod beforeMethodTest" time="0.0">
    <skipped/>
  </testcase> <!-- @BeforeMethod beforeMethodTest -->
  <testcase classname="challengingDOMTest.ChallengingDomTest" name="@AfterMethod afterMethodTest" time="0.0">
    <skipped/>
  </testcase> <!-- @AfterMethod afterMethodTest -->
  <testcase classname="challengingDOMTest.ChallengingDomTest" name="@BeforeMethod beforeMethodTest" time="0.0">
    <skipped/>
  </testcase> <!-- @BeforeMethod beforeMethodTest -->
  <testcase classname="challengingDOMTest.ChallengingDomTest" name="@AfterMethod afterMethodTest" time="0.0">
    <skipped/>
  </testcase> <!-- @AfterMethod afterMethodTest -->
  <testcase classname="challengingDOMTest.ChallengingDomTest" name="@BeforeMethod beforeMethodTest" time="0.0">
    <skipped/>
  </testcase> <!-- @BeforeMethod beforeMethodTest -->
  <testcase classname="challengingDOMTest.ChallengingDomTest" name="@AfterMethod afterMethodTest" time="0.0">
    <skipped/>
  </testcase> <!-- @AfterMethod afterMethodTest -->
  <testcase classname="challengingDOMTest.ChallengingDomTest" name="@BeforeMethod beforeMethodTest" time="0.0">
    <skipped/>
  </testcase> <!-- @BeforeMethod beforeMethodTest -->
  <testcase classname="challengingDOMTest.ChallengingDomTest" name="@AfterMethod afterMethodTest" time="0.0">
    <skipped/>
  </testcase> <!-- @AfterMethod afterMethodTest -->
  <testcase classname="challengingDOMTest.ChallengingDomTest" name="verifyAnswerOnRefreshPage" time="0.002">
    <skipped/>
  </testcase> <!-- verifyAnswerOnRefreshPage -->
  <testcase classname="challengingDOMTest.ChallengingDomTest" name="verifyAnswerValue" time="0.004">
    <skipped/>
  </testcase> <!-- verifyAnswerValue -->
  <testcase classname="challengingDOMTest.ChallengingDomTest" name="verifyClickOnNthDeleteLink" time="0.003">
    <skipped/>
  </testcase> <!-- verifyClickOnNthDeleteLink -->
  <testcase classname="challengingDOMTest.ChallengingDomTest" name="verifyClickOnNthEditLink" time="0.003">
    <skipped/>
  </testcase> <!-- verifyClickOnNthEditLink -->
  <testcase classname="challengingDOMTest.ChallengingDomTest" name="verifyFirstButtonOperation" time="0.001">
    <skipped/>
  </testcase> <!-- verifyFirstButtonOperation -->
  <testcase classname="challengingDOMTest.ChallengingDomTest" name="verifyNavigationToChallengingDom" time="0.002">
    <skipped/>
  </testcase> <!-- verifyNavigationToChallengingDom -->
  <testcase classname="challengingDOMTest.ChallengingDomTest" name="verifySecondButtonOperation" time="0.002">
    <skipped/>
  </testcase> <!-- verifySecondButtonOperation -->
  <testcase classname="challengingDOMTest.ChallengingDomTest" name="verifyTableHeaderText" time="0.002">
    <skipped/>
  </testcase> <!-- verifyTableHeaderText -->
  <testcase classname="challengingDOMTest.ChallengingDomTest" name="verifyTextBelowHeader" time="0.002">
    <skipped/>
  </testcase> <!-- verifyTextBelowHeader -->
  <testcase classname="challengingDOMTest.ChallengingDomTest" name="verifyThirdButtonOperation" time="0.002">
    <skipped/>
  </testcase> <!-- verifyThirdButtonOperation -->
</testsuite> <!-- Test Automation -->
