<html>
<head>
<title>TestNG:  Test Automation</title>
<link href="../testng.css" rel="stylesheet" type="text/css" />
<link href="../my-testng.css" rel="stylesheet" type="text/css" />

<style type="text/css">
.log { display: none;} 
.stack-trace { display: none;} 
</style>
<script type="text/javascript">
<!--
function flip(e) {
  current = e.style.display;
  if (current == 'block') {
    e.style.display = 'none';
    return 0;
  }
  else {
    e.style.display = 'block';
    return 1;
  }
}

function toggleBox(szDivId, elem, msg1, msg2)
{
  var res = -1;  if (document.getElementById) {
    res = flip(document.getElementById(szDivId));
  }
  else if (document.all) {
    // this is the way old msie versions work
    res = flip(document.all[szDivId]);
  }
  if(elem) {
    if(res == 0) elem.innerHTML = msg1; else elem.innerHTML = msg2;
  }

}

function toggleAllBoxes() {
  if (document.getElementsByTagName) {
    d = document.getElementsByTagName('div');
    for (i = 0; i < d.length; i++) {
      if (d[i].className == 'log') {
        flip(d[i]);
      }
    }
  }
}

// -->
</script>

</head>
<body>
<h2 align='center'>Test Automation</h2><table border='1' align="center">
<tr>
<td>Tests passed/Failed/Skipped:</td><td>0/0/10</td>
</tr><tr>
<td>Started on:</td><td>Tue Feb 01 16:43:32 GMT 2022</td>
</tr>
<tr><td>Total time:</td><td>5 seconds (5543 ms)</td>
</tr><tr>
<td>Included groups:</td><td></td>
</tr><tr>
<td>Excluded groups:</td><td></td>
</tr>
</table><p/>
<small><i>(Hover the method name to see the test class name)</i></small><p/>
<table width='100%' border='1' class='invocation-failed'>
<tr><td colspan='4' align='center'><b>FAILED CONFIGURATIONS</b></td></tr>
<tr><td><b>Test method</b></td>
<td width="30%"><b>Exception</b></td>
<td width="10%"><b>Time (seconds)</b></td>
<td><b>Instance</b></td>
</tr>
<tr>
<td title='challengingDOMTest.ChallengingDomTest.beforeMethodTest()'><b>beforeMethodTest</b><br>Test class: challengingDOMTest.ChallengingDomTest<br>Parameters: chrome, public void challengingDOMTest.ChallengingDomTest.verifyAnswerOnRefreshPage()</td>
<td><div><pre>org.openqa.selenium.SessionNotCreatedException: session not created: This version of ChromeDriver only supports Chrome version 97
Current browser version is 96.0.4664.45 with binary path C:\Program Files\Google\Chrome\Application\chrome.exe
Build info: version: &apos;3.141.59&apos;, revision: &apos;e82be7d358&apos;, time: &apos;2018-11-14T08:17:03&apos;
System info: host: &apos;ADMIN-PC&apos;, ip: &apos;192.168.43.50&apos;, os.name: &apos;Windows 7&apos;, os.arch: &apos;amd64&apos;, os.version: &apos;6.1&apos;, java.version: &apos;17.0.1&apos;
Driver info: driver.version: ChromeDriver
remote stacktrace: Backtrace:
	Ordinal0 [0x00F4FDC3+2555331]
	Ordinal0 [0x00EE77F1+2127857]
	Ordinal0 [0x00DE2E08+1060360]
	Ordinal0 [0x00E019CA+1186250]
	Ordinal0 [0x00DFD825+1169445]
	Ordinal0 [0x00DFAFC1+1159105]
	Ordinal0 [0x00E2C22F+1360431]
	Ordinal0 [0x00E2BE9A+1359514]
	Ordinal0 [0x00E27976+1341814]
	Ordinal0 [0x00E036B6+1193654]
	Ordinal0 [0x00E04546+1197382]
	GetHandleVerifier [0x010E9622+1619522]
	GetHandleVerifier [0x0119882C+2336844]
	GetHandleVerifier [0x00FE23E1+541697]
	GetHandleVerifier [0x00FE1443+537699]
	Ordinal0 [0x00EED18E+2150798]
	Ordinal0 [0x00EF1518+2168088]
	Ordinal0 [0x00EF1660+2168416]
	Ordinal0 [0x00EFB330+2208560]
	BaseThreadInitThunk [0x7611336A+18]
	RtlInitializeExceptionChain [0x77DE9902+99]
	RtlInitializeExceptionChain [0x77DE98D5+54]

	at org.openqa.selenium.remote.W3CHandshakeResponse.lambda$errorHandler$0(W3CHandshakeResponse.java:62)
	at org.openqa.selenium.remote.HandshakeResponse.lambda$getResponseFunction$0(HandshakeResponse.java:30)
	at org.openqa.selenium.remote.ProtocolHandshake.lambda$createSession$0(ProtocolHandshake.java:126)
	at java.base/java.util.stream.ReferencePipeline$3$1.accept(ReferencePipeline.java:197)
	at java.base/java.util.Spliterators$ArraySpliterator.tryAdvance(Spliterators.java:1002)
	at java.base/java.util.stream.ReferencePipeline.forEachWithCancel(ReferencePipeline.java:129)
	at java.base/java.util.stream.AbstractPipeline.copyIntoWithCancel(AbstractPipeline.java:527)
	at java.base/java.util.stream.AbstractPipeline.copyInto(AbstractPipeline.java:513)
	at java.base/java.util.stream.AbstractPipeline.wrapAndCopyInto(AbstractPipeline.java:499)
	at java.base/java.util.stream.FindOps$FindOp.evaluateSequential(FindOps.java:150)
	at java.base/java.util.stream.AbstractPipeline.evaluate(AbstractPipeline.java:234)
	at java.base/java.util.stream.ReferencePipeline.findFirst(ReferencePipeline.java:647)
	at org.openqa.selenium.remote.ProtocolHandshake.createSession(ProtocolHandshake.java:128)
	at org.openqa.selenium.remote.ProtocolHandshake.createSession(ProtocolHandshake.java:74)
	at org.openqa.selenium.remote.HttpCommandExecutor.execute(HttpCommandExecutor.java:136)
	at org.openqa.selenium.remote.service.DriverCommandExecutor.execute(DriverCommandExecutor.java:83)
	at org.openqa.selenium.remote.RemoteWebDriver.execute(RemoteWebDriver.java:552)
	at org.openqa.selenium.remote.RemoteWebDriver.startSession(RemoteWebDriver.java:213)
	at org.openqa.selenium.remote.RemoteWebDriver.&lt;init&gt;(RemoteWebDriver.java:131)
	at org.openqa.selenium.chrome.ChromeDriver.&lt;init&gt;(ChromeDriver.java:181)
	at org.openqa.selenium.chrome.ChromeDriver.&lt;init&gt;(ChromeDriver.java:168)
	at org.openqa.selenium.chrome.ChromeDriver.&lt;init&gt;(ChromeDriver.java:123)
	at challengingDOMTest.BaseTest.setupDriver(BaseTest.java:85)
	at challengingDOMTest.BaseTest.beforeMethodTest(BaseTest.java:59)
... Removed 31 stack frames</pre></div><a href='#' onClick='toggleBox("stack-trace1504083002", this, "Click to show all stack frames", "Click to hide stack frames")'>Click to show all stack frames</a>
<div class='stack-trace' id='stack-trace1504083002'><pre>org.openqa.selenium.SessionNotCreatedException: session not created: This version of ChromeDriver only supports Chrome version 97
Current browser version is 96.0.4664.45 with binary path C:\Program Files\Google\Chrome\Application\chrome.exe
Build info: version: &apos;3.141.59&apos;, revision: &apos;e82be7d358&apos;, time: &apos;2018-11-14T08:17:03&apos;
System info: host: &apos;ADMIN-PC&apos;, ip: &apos;192.168.43.50&apos;, os.name: &apos;Windows 7&apos;, os.arch: &apos;amd64&apos;, os.version: &apos;6.1&apos;, java.version: &apos;17.0.1&apos;
Driver info: driver.version: ChromeDriver
remote stacktrace: Backtrace:
	Ordinal0 [0x00F4FDC3+2555331]
	Ordinal0 [0x00EE77F1+2127857]
	Ordinal0 [0x00DE2E08+1060360]
	Ordinal0 [0x00E019CA+1186250]
	Ordinal0 [0x00DFD825+1169445]
	Ordinal0 [0x00DFAFC1+1159105]
	Ordinal0 [0x00E2C22F+1360431]
	Ordinal0 [0x00E2BE9A+1359514]
	Ordinal0 [0x00E27976+1341814]
	Ordinal0 [0x00E036B6+1193654]
	Ordinal0 [0x00E04546+1197382]
	GetHandleVerifier [0x010E9622+1619522]
	GetHandleVerifier [0x0119882C+2336844]
	GetHandleVerifier [0x00FE23E1+541697]
	GetHandleVerifier [0x00FE1443+537699]
	Ordinal0 [0x00EED18E+2150798]
	Ordinal0 [0x00EF1518+2168088]
	Ordinal0 [0x00EF1660+2168416]
	Ordinal0 [0x00EFB330+2208560]
	BaseThreadInitThunk [0x7611336A+18]
	RtlInitializeExceptionChain [0x77DE9902+99]
	RtlInitializeExceptionChain [0x77DE98D5+54]

	at java.base/jdk.internal.reflect.NativeConstructorAccessorImpl.newInstance0(Native Method)
	at java.base/jdk.internal.reflect.NativeConstructorAccessorImpl.newInstance(NativeConstructorAccessorImpl.java:77)
	at java.base/jdk.internal.reflect.DelegatingConstructorAccessorImpl.newInstance(DelegatingConstructorAccessorImpl.java:45)
	at java.base/java.lang.reflect.Constructor.newInstanceWithCaller(Constructor.java:499)
	at java.base/java.lang.reflect.Constructor.newInstance(Constructor.java:480)
	at org.openqa.selenium.remote.W3CHandshakeResponse.lambda$errorHandler$0(W3CHandshakeResponse.java:62)
	at org.openqa.selenium.remote.HandshakeResponse.lambda$getResponseFunction$0(HandshakeResponse.java:30)
	at org.openqa.selenium.remote.ProtocolHandshake.lambda$createSession$0(ProtocolHandshake.java:126)
	at java.base/java.util.stream.ReferencePipeline$3$1.accept(ReferencePipeline.java:197)
	at java.base/java.util.Spliterators$ArraySpliterator.tryAdvance(Spliterators.java:1002)
	at java.base/java.util.stream.ReferencePipeline.forEachWithCancel(ReferencePipeline.java:129)
	at java.base/java.util.stream.AbstractPipeline.copyIntoWithCancel(AbstractPipeline.java:527)
	at java.base/java.util.stream.AbstractPipeline.copyInto(AbstractPipeline.java:513)
	at java.base/java.util.stream.AbstractPipeline.wrapAndCopyInto(AbstractPipeline.java:499)
	at java.base/java.util.stream.FindOps$FindOp.evaluateSequential(FindOps.java:150)
	at java.base/java.util.stream.AbstractPipeline.evaluate(AbstractPipeline.java:234)
	at java.base/java.util.stream.ReferencePipeline.findFirst(ReferencePipeline.java:647)
	at org.openqa.selenium.remote.ProtocolHandshake.createSession(ProtocolHandshake.java:128)
	at org.openqa.selenium.remote.ProtocolHandshake.createSession(ProtocolHandshake.java:74)
	at org.openqa.selenium.remote.HttpCommandExecutor.execute(HttpCommandExecutor.java:136)
	at org.openqa.selenium.remote.service.DriverCommandExecutor.execute(DriverCommandExecutor.java:83)
	at org.openqa.selenium.remote.RemoteWebDriver.execute(RemoteWebDriver.java:552)
	at org.openqa.selenium.remote.RemoteWebDriver.startSession(RemoteWebDriver.java:213)
	at org.openqa.selenium.remote.RemoteWebDriver.&lt;init&gt;(RemoteWebDriver.java:131)
	at org.openqa.selenium.chrome.ChromeDriver.&lt;init&gt;(ChromeDriver.java:181)
	at org.openqa.selenium.chrome.ChromeDriver.&lt;init&gt;(ChromeDriver.java:168)
	at org.openqa.selenium.chrome.ChromeDriver.&lt;init&gt;(ChromeDriver.java:123)
	at challengingDOMTest.BaseTest.setupDriver(BaseTest.java:85)
	at challengingDOMTest.BaseTest.beforeMethodTest(BaseTest.java:59)
	at java.base/jdk.internal.reflect.NativeMethodAccessorImpl.invoke0(Native Method)
	at java.base/jdk.internal.reflect.NativeMethodAccessorImpl.invoke(NativeMethodAccessorImpl.java:77)
	at java.base/jdk.internal.reflect.DelegatingMethodAccessorImpl.invoke(DelegatingMethodAccessorImpl.java:43)
	at java.base/java.lang.reflect.Method.invoke(Method.java:568)
	at org.testng.internal.MethodInvocationHelper.invokeMethod(MethodInvocationHelper.java:80)
	at org.testng.internal.Invoker.invokeConfigurationMethod(Invoker.java:564)
	at org.testng.internal.Invoker.invokeConfigurations(Invoker.java:213)
	at org.testng.internal.Invoker.invokeMethod(Invoker.java:653)
	at org.testng.internal.Invoker.invokeTestMethod(Invoker.java:901)
	at org.testng.internal.Invoker.invokeTestMethods(Invoker.java:1231)
	at org.testng.internal.TestMethodWorker.invokeTestMethods(TestMethodWorker.java:127)
	at org.testng.internal.TestMethodWorker.run(TestMethodWorker.java:111)
	at org.testng.TestRunner.privateRun(TestRunner.java:767)
	at org.testng.TestRunner.run(TestRunner.java:617)
	at org.testng.SuiteRunner.runTest(SuiteRunner.java:334)
	at org.testng.SuiteRunner.runSequentially(SuiteRunner.java:329)
	at org.testng.SuiteRunner.privateRun(SuiteRunner.java:291)
	at org.testng.SuiteRunner.run(SuiteRunner.java:240)
	at org.testng.SuiteRunnerWorker.runSuite(SuiteRunnerWorker.java:52)
	at org.testng.SuiteRunnerWorker.run(SuiteRunnerWorker.java:86)
	at org.testng.TestNG.runSuitesSequentially(TestNG.java:1198)
	at org.testng.TestNG.runSuitesLocally(TestNG.java:1123)
	at org.testng.TestNG.run(TestNG.java:1031)
	at org.testng.remote.AbstractRemoteTestNG.run(AbstractRemoteTestNG.java:115)
	at org.testng.remote.RemoteTestNG.initAndRun(RemoteTestNG.java:251)
	at org.testng.remote.RemoteTestNG.main(RemoteTestNG.java:77)
</pre></div></td>
<td>0</td>
<td>challengingDOMTest.ChallengingDomTest@5f8edcc5</td></tr>
</table><p>
<table width='100%' border='1' class='invocation-skipped'>
<tr><td colspan='4' align='center'><b>SKIPPED CONFIGURATIONS</b></td></tr>
<tr><td><b>Test method</b></td>
<td width="30%"><b>Exception</b></td>
<td width="10%"><b>Time (seconds)</b></td>
<td><b>Instance</b></td>
</tr>
<tr>
<td title='challengingDOMTest.ChallengingDomTest.beforeMethodTest()'><b>beforeMethodTest</b><br>Test class: challengingDOMTest.ChallengingDomTest</td>
<td></td>
<td>0</td>
<td>challengingDOMTest.ChallengingDomTest@5f8edcc5</td></tr>
<tr>
<td title='challengingDOMTest.ChallengingDomTest.beforeMethodTest()'><b>beforeMethodTest</b><br>Test class: challengingDOMTest.ChallengingDomTest</td>
<td></td>
<td>0</td>
<td>challengingDOMTest.ChallengingDomTest@5f8edcc5</td></tr>
<tr>
<td title='challengingDOMTest.ChallengingDomTest.beforeMethodTest()'><b>beforeMethodTest</b><br>Test class: challengingDOMTest.ChallengingDomTest</td>
<td></td>
<td>0</td>
<td>challengingDOMTest.ChallengingDomTest@5f8edcc5</td></tr>
<tr>
<td title='challengingDOMTest.ChallengingDomTest.beforeMethodTest()'><b>beforeMethodTest</b><br>Test class: challengingDOMTest.ChallengingDomTest</td>
<td></td>
<td>0</td>
<td>challengingDOMTest.ChallengingDomTest@5f8edcc5</td></tr>
<tr>
<td title='challengingDOMTest.ChallengingDomTest.beforeMethodTest()'><b>beforeMethodTest</b><br>Test class: challengingDOMTest.ChallengingDomTest</td>
<td></td>
<td>0</td>
<td>challengingDOMTest.ChallengingDomTest@5f8edcc5</td></tr>
<tr>
<td title='challengingDOMTest.ChallengingDomTest.beforeMethodTest()'><b>beforeMethodTest</b><br>Test class: challengingDOMTest.ChallengingDomTest</td>
<td></td>
<td>0</td>
<td>challengingDOMTest.ChallengingDomTest@5f8edcc5</td></tr>
<tr>
<td title='challengingDOMTest.ChallengingDomTest.beforeMethodTest()'><b>beforeMethodTest</b><br>Test class: challengingDOMTest.ChallengingDomTest</td>
<td></td>
<td>0</td>
<td>challengingDOMTest.ChallengingDomTest@5f8edcc5</td></tr>
<tr>
<td title='challengingDOMTest.ChallengingDomTest.beforeMethodTest()'><b>beforeMethodTest</b><br>Test class: challengingDOMTest.ChallengingDomTest</td>
<td></td>
<td>0</td>
<td>challengingDOMTest.ChallengingDomTest@5f8edcc5</td></tr>
<tr>
<td title='challengingDOMTest.ChallengingDomTest.beforeMethodTest()'><b>beforeMethodTest</b><br>Test class: challengingDOMTest.ChallengingDomTest</td>
<td></td>
<td>0</td>
<td>challengingDOMTest.ChallengingDomTest@5f8edcc5</td></tr>
<tr>
<td title='challengingDOMTest.ChallengingDomTest.afterMethodTest()'><b>afterMethodTest</b><br>Test class: challengingDOMTest.ChallengingDomTest</td>
<td></td>
<td>0</td>
<td>challengingDOMTest.ChallengingDomTest@5f8edcc5</td></tr>
<tr>
<td title='challengingDOMTest.ChallengingDomTest.afterMethodTest()'><b>afterMethodTest</b><br>Test class: challengingDOMTest.ChallengingDomTest</td>
<td></td>
<td>0</td>
<td>challengingDOMTest.ChallengingDomTest@5f8edcc5</td></tr>
<tr>
<td title='challengingDOMTest.ChallengingDomTest.afterMethodTest()'><b>afterMethodTest</b><br>Test class: challengingDOMTest.ChallengingDomTest</td>
<td></td>
<td>0</td>
<td>challengingDOMTest.ChallengingDomTest@5f8edcc5</td></tr>
<tr>
<td title='challengingDOMTest.ChallengingDomTest.afterMethodTest()'><b>afterMethodTest</b><br>Test class: challengingDOMTest.ChallengingDomTest</td>
<td></td>
<td>0</td>
<td>challengingDOMTest.ChallengingDomTest@5f8edcc5</td></tr>
<tr>
<td title='challengingDOMTest.ChallengingDomTest.afterMethodTest()'><b>afterMethodTest</b><br>Test class: challengingDOMTest.ChallengingDomTest</td>
<td></td>
<td>0</td>
<td>challengingDOMTest.ChallengingDomTest@5f8edcc5</td></tr>
<tr>
<td title='challengingDOMTest.ChallengingDomTest.afterMethodTest()'><b>afterMethodTest</b><br>Test class: challengingDOMTest.ChallengingDomTest</td>
<td></td>
<td>0</td>
<td>challengingDOMTest.ChallengingDomTest@5f8edcc5</td></tr>
<tr>
<td title='challengingDOMTest.ChallengingDomTest.afterMethodTest()'><b>afterMethodTest</b><br>Test class: challengingDOMTest.ChallengingDomTest</td>
<td></td>
<td>0</td>
<td>challengingDOMTest.ChallengingDomTest@5f8edcc5</td></tr>
<tr>
<td title='challengingDOMTest.ChallengingDomTest.afterMethodTest()'><b>afterMethodTest</b><br>Test class: challengingDOMTest.ChallengingDomTest</td>
<td></td>
<td>0</td>
<td>challengingDOMTest.ChallengingDomTest@5f8edcc5</td></tr>
<tr>
<td title='challengingDOMTest.ChallengingDomTest.afterMethodTest()'><b>afterMethodTest</b><br>Test class: challengingDOMTest.ChallengingDomTest</td>
<td></td>
<td>0</td>
<td>challengingDOMTest.ChallengingDomTest@5f8edcc5</td></tr>
<tr>
<td title='challengingDOMTest.ChallengingDomTest.afterMethodTest()'><b>afterMethodTest</b><br>Test class: challengingDOMTest.ChallengingDomTest</td>
<td></td>
<td>0</td>
<td>challengingDOMTest.ChallengingDomTest@5f8edcc5</td></tr>
</table><p>
<table width='100%' border='1' class='invocation-skipped'>
<tr><td colspan='4' align='center'><b>SKIPPED TESTS</b></td></tr>
<tr><td><b>Test method</b></td>
<td width="30%"><b>Exception</b></td>
<td width="10%"><b>Time (seconds)</b></td>
<td><b>Instance</b></td>
</tr>
<tr>
<td title='challengingDOMTest.ChallengingDomTest.verifyAnswerOnRefreshPage()'><b>verifyAnswerOnRefreshPage</b><br>Test class: challengingDOMTest.ChallengingDomTest</td>
<td></td>
<td>0</td>
<td>challengingDOMTest.ChallengingDomTest@5f8edcc5</td></tr>
<tr>
<td title='challengingDOMTest.ChallengingDomTest.verifyAnswerValue()'><b>verifyAnswerValue</b><br>Test class: challengingDOMTest.ChallengingDomTest</td>
<td></td>
<td>0</td>
<td>challengingDOMTest.ChallengingDomTest@5f8edcc5</td></tr>
<tr>
<td title='challengingDOMTest.ChallengingDomTest.verifyClickOnNthDeleteLink()'><b>verifyClickOnNthDeleteLink</b><br>Test class: challengingDOMTest.ChallengingDomTest</td>
<td></td>
<td>0</td>
<td>challengingDOMTest.ChallengingDomTest@5f8edcc5</td></tr>
<tr>
<td title='challengingDOMTest.ChallengingDomTest.verifyClickOnNthEditLink()'><b>verifyClickOnNthEditLink</b><br>Test class: challengingDOMTest.ChallengingDomTest</td>
<td></td>
<td>0</td>
<td>challengingDOMTest.ChallengingDomTest@5f8edcc5</td></tr>
<tr>
<td title='challengingDOMTest.ChallengingDomTest.verifyFirstButtonOperation()'><b>verifyFirstButtonOperation</b><br>Test class: challengingDOMTest.ChallengingDomTest</td>
<td></td>
<td>0</td>
<td>challengingDOMTest.ChallengingDomTest@5f8edcc5</td></tr>
<tr>
<td title='challengingDOMTest.ChallengingDomTest.verifyNavigationToChallengingDom()'><b>verifyNavigationToChallengingDom</b><br>Test class: challengingDOMTest.ChallengingDomTest</td>
<td></td>
<td>0</td>
<td>challengingDOMTest.ChallengingDomTest@5f8edcc5</td></tr>
<tr>
<td title='challengingDOMTest.ChallengingDomTest.verifySecondButtonOperation()'><b>verifySecondButtonOperation</b><br>Test class: challengingDOMTest.ChallengingDomTest</td>
<td></td>
<td>0</td>
<td>challengingDOMTest.ChallengingDomTest@5f8edcc5</td></tr>
<tr>
<td title='challengingDOMTest.ChallengingDomTest.verifyTableHeaderText()'><b>verifyTableHeaderText</b><br>Test class: challengingDOMTest.ChallengingDomTest</td>
<td></td>
<td>0</td>
<td>challengingDOMTest.ChallengingDomTest@5f8edcc5</td></tr>
<tr>
<td title='challengingDOMTest.ChallengingDomTest.verifyTextBelowHeader()'><b>verifyTextBelowHeader</b><br>Test class: challengingDOMTest.ChallengingDomTest</td>
<td></td>
<td>0</td>
<td>challengingDOMTest.ChallengingDomTest@5f8edcc5</td></tr>
<tr>
<td title='challengingDOMTest.ChallengingDomTest.verifyThirdButtonOperation()'><b>verifyThirdButtonOperation</b><br>Test class: challengingDOMTest.ChallengingDomTest</td>
<td></td>
<td>0</td>
<td>challengingDOMTest.ChallengingDomTest@5f8edcc5</td></tr>
</table><p>
</body>
</html>